<?xml version="1.0" encoding="UTF-8"?>
<!-- Generated by org.testng.reporters.JUnitXMLReporter -->
<testsuite ignored="0" hostname="kumar" failures="0" tests="2" name="Error Validation Test" time="40.868" errors="0" timestamp="2022-10-28T10:44:39 IST">
  <testcase classname="com.Ecommerce.Test.ErrorValidationTest" name="loginErrorValidation" time="2.123"/>
  <testcase classname="com.Ecommerce.Test.ErrorValidationTest" name="productErrorValidation" time="4.715"/>
</testsuite> <!-- Error Validation Test -->
