<?xml version="1.0" encoding="UTF-8"?>
<!-- Generated by org.testng.reporters.JUnitXMLReporter -->
<testsuite ignored="0" hostname="kumar" failures="0" tests="4" name="SubmitOrderTest" time="79.072" errors="0" timestamp="2022-10-28T10:45:17 IST">
  <testcase classname="com.Ecommerce.Test.SubmitOrderTest" name="submitOrder" time="9.965"/>
  <testcase classname="com.Ecommerce.Test.SubmitOrderTest" name="submitOrder" time="5.72"/>
  <testcase classname="com.Ecommerce.Test.SubmitOrderTest" name="verifyOrderdProductName" time="3.21"/>
  <testcase classname="com.Ecommerce.Test.SubmitOrderTest" name="verifyOrderdProductName" time="3.362"/>
</testsuite> <!-- SubmitOrderTest -->
