<?xml version="1.0" encoding="UTF-8"?>
<!-- Generated by org.testng.reporters.JUnitXMLReporter -->
<testsuite ignored="0" hostname="kumar" failures="0" tests="2" name="Error Validation Test" time="55.084" errors="0" timestamp="2022-10-31T13:47:46 IST">
  <testcase classname="com.Ecommerce.Test.ErrorValidationTest" name="loginErrorValidation" time="0.787"/>
  <testcase classname="com.Ecommerce.Test.ErrorValidationTest" name="productErrorValidation" time="8.951"/>
</testsuite> <!-- Error Validation Test -->
