<?xml version="1.0" encoding="UTF-8"?>
<!-- Generated by org.testng.reporters.JUnitXMLReporter -->
<testsuite ignored="0" hostname="kumar" failures="0" tests="4" name="SubmitOrderTest" time="89.155" errors="0" timestamp="2022-10-31T13:46:50 IST">
  <testcase classname="com.Ecommerce.Test.SubmitOrderTest" name="submitOrder" time="4.66"/>
  <testcase classname="com.Ecommerce.Test.SubmitOrderTest" name="submitOrder" time="4.557"/>
  <testcase classname="com.Ecommerce.Test.SubmitOrderTest" name="verifyOrderdProductName" time="4.444"/>
  <testcase classname="com.Ecommerce.Test.SubmitOrderTest" name="verifyOrderdProductName" time="4.141"/>
</testsuite> <!-- SubmitOrderTest -->
