<?xml version="1.0" encoding="UTF-8"?>
<testng-results ignored="0" total="3" passed="2" failed="1" skipped="0">
  <reporter-output>
  </reporter-output>
  <suite started-at="2022-11-11T11:50:40 IST" name="Default suite" finished-at="2022-11-11T11:52:37 IST" duration-ms="116596">
    <groups>
    </groups>
    <test started-at="2022-11-11T11:50:40 IST" name="Default test" finished-at="2022-11-11T11:52:37 IST" duration-ms="116596">
      <class name="com.Ecommerce.Test.EndToEndTest">
        <test-method is-config="true" signature="launchApplication()[pri:0, instance:com.Ecommerce.Test.EndToEndTest@13d73f29]" started-at="2022-11-11T11:50:46 IST" name="launchApplication" finished-at="2022-11-11T11:51:34 IST" duration-ms="47975" status="PASS">
          <reporter-output>
          </reporter-output>
        </test-method> <!-- launchApplication -->
        <test-method signature="endtoEndFunction(java.lang.String,java.lang.String,java.lang.String)[pri:0, instance:com.Ecommerce.Test.EndToEndTest@13d73f29]" started-at="2022-11-11T11:51:34 IST" name="endtoEndFunction" data-provider="ReadExcelData" finished-at="2022-11-11T11:51:46 IST" duration-ms="11520" status="PASS">
          <params>
            <param index="0">
              <value>
                <![CDATA[mprasannakumar124@gmail.com]]>
              </value>
            </param>
            <param index="1">
              <value>
                <![CDATA[Prasu@59]]>
              </value>
            </param>
            <param index="2">
              <value>
                <![CDATA[zara coat 3]]>
              </value>
            </param>
          </params>
          <reporter-output>
          </reporter-output>
        </test-method> <!-- endtoEndFunction -->
        <test-method is-config="true" signature="tearDown()[pri:0, instance:com.Ecommerce.Test.EndToEndTest@13d73f29]" started-at="2022-11-11T11:51:46 IST" name="tearDown" finished-at="2022-11-11T11:51:50 IST" duration-ms="4168" status="PASS">
          <reporter-output>
          </reporter-output>
        </test-method> <!-- tearDown -->
        <test-method is-config="true" signature="launchApplication()[pri:0, instance:com.Ecommerce.Test.EndToEndTest@13d73f29]" started-at="2022-11-11T11:51:50 IST" name="launchApplication" finished-at="2022-11-11T11:51:58 IST" duration-ms="8211" status="PASS">
          <reporter-output>
          </reporter-output>
        </test-method> <!-- launchApplication -->
        <test-method signature="endtoEndFunction(java.lang.String,java.lang.String,java.lang.String)[pri:0, instance:com.Ecommerce.Test.EndToEndTest@13d73f29]" started-at="2022-11-11T11:51:58 IST" name="endtoEndFunction" data-provider="ReadExcelData" finished-at="2022-11-11T11:52:04 IST" duration-ms="5745" status="PASS">
          <params>
            <param index="0">
              <value>
                <![CDATA[bensonneal59@gmail.com]]>
              </value>
            </param>
            <param index="1">
              <value>
                <![CDATA[Benson@59]]>
              </value>
            </param>
            <param index="2">
              <value>
                <![CDATA[adidas original]]>
              </value>
            </param>
          </params>
          <reporter-output>
          </reporter-output>
        </test-method> <!-- endtoEndFunction -->
        <test-method is-config="true" signature="tearDown()[pri:0, instance:com.Ecommerce.Test.EndToEndTest@13d73f29]" started-at="2022-11-11T11:52:04 IST" name="tearDown" finished-at="2022-11-11T11:52:05 IST" duration-ms="557" status="PASS">
          <reporter-output>
          </reporter-output>
        </test-method> <!-- tearDown -->
        <test-method is-config="true" signature="launchApplication()[pri:0, instance:com.Ecommerce.Test.EndToEndTest@13d73f29]" started-at="2022-11-11T11:52:05 IST" name="launchApplication" finished-at="2022-11-11T11:52:11 IST" duration-ms="6229" status="PASS">
          <reporter-output>
          </reporter-output>
        </test-method> <!-- launchApplication -->
        <test-method signature="endtoEndFunction(java.lang.String,java.lang.String,java.lang.String)[pri:0, instance:com.Ecommerce.Test.EndToEndTest@13d73f29]" started-at="2022-11-11T11:52:11 IST" name="endtoEndFunction" data-provider="ReadExcelData" finished-at="2022-11-11T11:52:32 IST" duration-ms="21319" status="FAIL">
          <params>
            <param index="0">
              <value>
                <![CDATA[xyz@gmail.com]]>
              </value>
            </param>
            <param index="1">
              <value>
                <![CDATA[xyz@59]]>
              </value>
            </param>
            <param index="2">
              <value>
                <![CDATA[adidas original]]>
              </value>
            </param>
          </params>
          <exception class="org.openqa.selenium.TimeoutException">
            <message>
              <![CDATA[Expected condition failed: waiting for visibility of element located by By.cssSelector: .mb-3 (tried for 20 second(s) with 500 milliseconds interval)
Build info: version: '4.5.0', revision: 'fe167b119a'
System info: os.name: 'Windows 8.1', os.arch: 'amd64', os.version: '6.3', java.version: '16.0.1'
Driver info: org.openqa.selenium.chrome.ChromeDriver
Capabilities {acceptInsecureCerts: false, browserName: chrome, browserVersion: 107.0.5304.106, chrome: {chromedriverVersion: 107.0.5304.62 (1eec40d3a576..., userDataDir: C:\Users\PRASAN~1\AppData\L...}, goog:chromeOptions: {debuggerAddress: localhost:50543}, networkConnectionEnabled: false, pageLoadStrategy: normal, platformName: WINDOWS, proxy: Proxy(), se:cdp: ws://localhost:50543/devtoo..., se:cdpVersion: 107.0.5304.106, setWindowRect: true, strictFileInteractability: false, timeouts: {implicit: 0, pageLoad: 300000, script: 30000}, unhandledPromptBehavior: dismiss and notify, webauthn:extension:credBlob: true, webauthn:extension:largeBlob: true, webauthn:virtualAuthenticators: true}
Session ID: c28bd23fa39e4d51e30907a81bb584ab]]>
            </message>
            <full-stacktrace>
              <![CDATA[org.openqa.selenium.TimeoutException: Expected condition failed: waiting for visibility of element located by By.cssSelector: .mb-3 (tried for 20 second(s) with 500 milliseconds interval)
Build info: version: '4.5.0', revision: 'fe167b119a'
System info: os.name: 'Windows 8.1', os.arch: 'amd64', os.version: '6.3', java.version: '16.0.1'
Driver info: org.openqa.selenium.chrome.ChromeDriver
Capabilities {acceptInsecureCerts: false, browserName: chrome, browserVersion: 107.0.5304.106, chrome: {chromedriverVersion: 107.0.5304.62 (1eec40d3a576..., userDataDir: C:\Users\PRASAN~1\AppData\L...}, goog:chromeOptions: {debuggerAddress: localhost:50543}, networkConnectionEnabled: false, pageLoadStrategy: normal, platformName: WINDOWS, proxy: Proxy(), se:cdp: ws://localhost:50543/devtoo..., se:cdpVersion: 107.0.5304.106, setWindowRect: true, strictFileInteractability: false, timeouts: {implicit: 0, pageLoad: 300000, script: 30000}, unhandledPromptBehavior: dismiss and notify, webauthn:extension:credBlob: true, webauthn:extension:largeBlob: true, webauthn:virtualAuthenticators: true}
Session ID: c28bd23fa39e4d51e30907a81bb584ab
at org.openqa.selenium.support.ui.WebDriverWait.timeoutException(WebDriverWait.java:87)
at org.openqa.selenium.support.ui.FluentWait.until(FluentWait.java:231)
at com.Ecommerce.java.GenericPage.waitForElementToAppear(GenericPage.java:30)
at com.Ecommerce.java.ProductCatalog.getProductsList(ProductCatalog.java:38)
at com.Ecommerce.Test.EndToEndTest.endtoEndFunction(EndToEndTest.java:27)
at java.base/jdk.internal.reflect.NativeMethodAccessorImpl.invoke0(Native Method)
at java.base/jdk.internal.reflect.NativeMethodAccessorImpl.invoke(NativeMethodAccessorImpl.java:78)
at java.base/jdk.internal.reflect.DelegatingMethodAccessorImpl.invoke(DelegatingMethodAccessorImpl.java:43)
at java.base/java.lang.reflect.Method.invoke(Method.java:567)
at org.testng.internal.invokers.MethodInvocationHelper.invokeMethod(MethodInvocationHelper.java:139)
at org.testng.internal.invokers.TestInvoker.invokeMethod(TestInvoker.java:677)
at org.testng.internal.invokers.TestInvoker.invokeTestMethod(TestInvoker.java:221)
at org.testng.internal.invokers.MethodRunner.runInSequence(MethodRunner.java:50)
at org.testng.internal.invokers.TestInvoker$MethodInvocationAgent.invoke(TestInvoker.java:962)
at org.testng.internal.invokers.TestInvoker.invokeTestMethods(TestInvoker.java:194)
at org.testng.internal.invokers.TestMethodWorker.invokeTestMethods(TestMethodWorker.java:148)
at org.testng.internal.invokers.TestMethodWorker.run(TestMethodWorker.java:128)
at java.base/java.util.ArrayList.forEach(ArrayList.java:1511)
at org.testng.TestRunner.privateRun(TestRunner.java:806)
at org.testng.TestRunner.run(TestRunner.java:601)
at org.testng.SuiteRunner.runTest(SuiteRunner.java:433)
at org.testng.SuiteRunner.runSequentially(SuiteRunner.java:427)
at org.testng.SuiteRunner.privateRun(SuiteRunner.java:387)
at org.testng.SuiteRunner.run(SuiteRunner.java:330)
at org.testng.SuiteRunnerWorker.runSuite(SuiteRunnerWorker.java:52)
at org.testng.SuiteRunnerWorker.run(SuiteRunnerWorker.java:95)
at org.testng.TestNG.runSuitesSequentially(TestNG.java:1256)
at org.testng.TestNG.runSuitesLocally(TestNG.java:1176)
at org.testng.TestNG.runSuites(TestNG.java:1099)
at org.testng.TestNG.run(TestNG.java:1067)
at org.testng.remote.AbstractRemoteTestNG.run(AbstractRemoteTestNG.java:115)
at org.testng.remote.RemoteTestNG.initAndRun(RemoteTestNG.java:251)
at org.testng.remote.RemoteTestNG.main(RemoteTestNG.java:77)
]]>
            </full-stacktrace>
          </exception> <!-- org.openqa.selenium.TimeoutException -->
          <reporter-output>
          </reporter-output>
        </test-method> <!-- endtoEndFunction -->
        <test-method is-config="true" signature="tearDown()[pri:0, instance:com.Ecommerce.Test.EndToEndTest@13d73f29]" started-at="2022-11-11T11:52:32 IST" name="tearDown" finished-at="2022-11-11T11:52:37 IST" duration-ms="4544" status="PASS">
          <reporter-output>
          </reporter-output>
        </test-method> <!-- tearDown -->
      </class> <!-- com.Ecommerce.Test.EndToEndTest -->
    </test> <!-- Default test -->
  </suite> <!-- Default suite -->
</testng-results>
